[debug] [2025-03-28T18:14:31.278Z] ----------------------------------------------------------------------
[debug] [2025-03-28T18:14:31.280Z] Command:       C:\Program Files\nodejs\node.exe C:\Users\acer\AppData\Roaming\npm\node_modules\firebase-tools\lib\bin\firebase.js init
[debug] [2025-03-28T18:14:31.281Z] CLI Version:   14.0.0
[debug] [2025-03-28T18:14:31.281Z] Platform:      win32
[debug] [2025-03-28T18:14:31.281Z] Node Version:  v20.12.2
[debug] [2025-03-28T18:14:31.281Z] Time:          Fri Mar 28 2025 18:14:31 GMT+0000 (Greenwich Mean Time)
[debug] [2025-03-28T18:14:31.281Z] ----------------------------------------------------------------------
[debug] 
[debug] [2025-03-28T18:14:31.284Z] >>> [apiv2][query] GET https://firebase-public.firebaseio.com/cli.json [none]
[debug] [2025-03-28T18:14:31.331Z] > command requires scopes: ["email","openid","https://www.googleapis.com/auth/cloudplatformprojects.readonly","https://www.googleapis.com/auth/firebase","https://www.googleapis.com/auth/cloud-platform"]
[debug] [2025-03-28T18:14:31.332Z] > authorizing via signed-in user (bipinphaiju@gmail.com)
[info] 
     ######## #### ########  ######## ########     ###     ######  ########
     ##        ##  ##     ## ##       ##     ##  ##   ##  ##       ##
     ######    ##  ########  ######   ########  #########  ######  ######
     ##        ##  ##    ##  ##       ##     ## ##     ##       ## ##
     ##       #### ##     ## ######## ########  ##     ##  ######  ########

You're about to initialize a Firebase project in this directory:

  C:\Users\acer\Documents\my_portfolio

[debug] [2025-03-28T18:14:31.597Z] <<< [apiv2][status] GET https://firebase-public.firebaseio.com/cli.json 200
[debug] [2025-03-28T18:14:31.597Z] <<< [apiv2][body] GET https://firebase-public.firebaseio.com/cli.json {"cloudBuildErrorAfter":1594252800000,"cloudBuildWarnAfter":1590019200000,"defaultNode10After":1594252800000,"minVersion":"3.0.5","node8DeploysDisabledAfter":1613390400000,"node8RuntimeDisabledAfter":1615809600000,"node8WarnAfter":1600128000000}
[info] 
=== Project Setup
[info] 
[info] First, let's associate this project directory with a Firebase project.
[info] You can create multiple project aliases by running firebase use --add, 
[info] but for now we'll just set up a default project.
[info] 
[debug] [2025-03-28T18:16:20.195Z] Checked if tokens are valid: false, expires at: 1742309623463
[debug] [2025-03-28T18:16:20.195Z] Checked if tokens are valid: false, expires at: 1742309623463
[debug] [2025-03-28T18:16:20.195Z] > refreshing access token with scopes: []
[debug] [2025-03-28T18:16:20.196Z] >>> [apiv2][query] POST https://www.googleapis.com/oauth2/v3/token [none]
[debug] [2025-03-28T18:16:20.196Z] >>> [apiv2][body] POST https://www.googleapis.com/oauth2/v3/token [omitted]
[debug] [2025-03-28T18:16:20.306Z] <<< [apiv2][status] POST https://www.googleapis.com/oauth2/v3/token 200
[debug] [2025-03-28T18:16:20.306Z] <<< [apiv2][body] POST https://www.googleapis.com/oauth2/v3/token [omitted]
[debug] [2025-03-28T18:16:20.313Z] >>> [apiv2][query] GET https://firebase.googleapis.com/v1beta1/projects pageSize=100
[debug] [2025-03-28T18:16:20.855Z] <<< [apiv2][status] GET https://firebase.googleapis.com/v1beta1/projects 200
[debug] [2025-03-28T18:16:20.855Z] <<< [apiv2][body] GET https://firebase.googleapis.com/v1beta1/projects [omitted]
